Mesh.obj : error LNK2001: unresolved external symbol __imp___glewEnableVertexAttribArray
Mesh.obj : error LNK2001: unresolved external symbol __imp___glewBindVertexArray
Mesh.obj : error LNK2001: unresolved external symbol __imp___glewVertexAttribPointer
Mesh.obj : error LNK2001: unresolved external symbol __imp___glewBindBuffer
Mesh.obj : error LNK2001: unresolved external symbol __imp___glewDeleteVertexArrays
Mesh.obj : error LNK2001: unresolved external symbol __imp___glewBufferData
Mesh.obj : error LNK2001: unresolved external symbol __imp___glewGenVertexArrays
Mesh.obj : error LNK2001: unresolved external symbol __imp___glewGenBuffers
Mesh.obj : error LNK2001: unresolved external symbol __imp___glewDeleteBuffers
OpenGLCourse.obj : error LNK2001: unresolved external symbol glfwSwapBuffers
OpenGLCourse.obj : error LNK2001: unresolved external symbol __imp___glewUseProgram
OpenGLCourse.obj : error LNK2001: unresolved external symbol glfwGetTime
OpenGLCourse.obj : error LNK2001: unresolved external symbol glfwPollEvents
OpenGLCourse.obj : error LNK2001: unresolved external symbol __imp___glewUniformMatrix4fv
OpenGLCourse.obj : error LNK2001: unresolved external symbol glfwWindowShouldClose
Shader.obj : error LNK2001: unresolved external symbol __imp___glewGetShaderiv
Shader.obj : error LNK2001: unresolved external symbol __imp___glewCompileShader
Shader.obj : error LNK2001: unresolved external symbol __imp___glewCreateShader
Shader.obj : error LNK2001: unresolved external symbol __imp___glewCreateProgram
Shader.obj : error LNK2001: unresolved external symbol __imp___glewGetShaderInfoLog
Shader.obj : error LNK2001: unresolved external symbol __imp___glewValidateProgram
Shader.obj : error LNK2001: unresolved external symbol __imp___glewGetProgramiv
Shader.obj : error LNK2001: unresolved external symbol __imp___glewGetUniformLocation
Shader.obj : error LNK2001: unresolved external symbol __imp___glewAttachShader
Shader.obj : error LNK2001: unresolved external symbol __imp___glewDeleteProgram
Shader.obj : error LNK2001: unresolved external symbol __imp___glewShaderSource
Shader.obj : error LNK2001: unresolved external symbol __imp___glewGetProgramInfoLog
Shader.obj : error LNK2001: unresolved external symbol __imp___glewLinkProgram
Texture.obj : error LNK2001: unresolved external symbol __imp___glewActiveTexture
Texture.obj : error LNK2001: unresolved external symbol __imp___glewGenerateMipmap
Window.obj : error LNK2001: unresolved external symbol glfwGetWindowUserPointer
Window.obj : error LNK2001: unresolved external symbol glfwGetFramebufferSize
Window.obj : error LNK2001: unresolved external symbol glfwTerminate
Window.obj : error LNK2001: unresolved external symbol glfwInit
Window.obj : error LNK2001: unresolved external symbol glfwSetKeyCallback
Window.obj : error LNK2001: unresolved external symbol glfwSetWindowShouldClose
Window.obj : error LNK2001: unresolved external symbol glfwCreateWindow
Window.obj : error LNK2001: unresolved external symbol glfwWindowHint
Window.obj : error LNK2001: unresolved external symbol glfwSetInputMode
Window.obj : error LNK2001: unresolved external symbol glfwMakeContextCurrent
Window.obj : error LNK2001: unresolved external symbol glfwSetWindowUserPointer
Window.obj : error LNK2001: unresolved external symbol glfwDestroyWindow
Window.obj : error LNK2001: unresolved external symbol __imp_glewExperimental
Window.obj : error LNK2001: unresolved external symbol glfwSetCursorPosCallback
Window.obj : error LNK2001: unresolved external symbol __imp_glewInit
C:\Users\TaoDaFen\Desktop\workspace\OpenGL\x64\Release\OpenGLCourse.exe : fatal error LNK1120: 45 unresolved externals
