  Camera.cpp
  Mesh.cpp
  OpenGLCourse.cpp
C:\Users\TaoDaFen\Desktop\workspace\OpenGL\OpenGLCourse\Window.h(16,35): warning C4244: 'return': conversion from 'GLint' to 'GLfloat', possible loss of data
C:\Users\TaoDaFen\Desktop\workspace\OpenGL\OpenGLCourse\Window.h(17,37): warning C4244: 'return': conversion from 'GLint' to 'GLfloat', possible loss of data
C:\Users\TaoDaFen\Desktop\workspace\OpenGL\OpenGLCourse\OpenGLCourse.cpp(100,15): warning C4244: 'initializing': conversion from 'double' to 'GLfloat', possible loss of data
  Shader.cpp
  Texture.cpp
  Window.cpp
C:\Users\TaoDaFen\Desktop\workspace\OpenGL\OpenGLCourse\Window.h(16,35): warning C4244: 'return': conversion from 'GLint' to 'GLfloat', possible loss of data
C:\Users\TaoDaFen\Desktop\workspace\OpenGL\OpenGLCourse\Window.h(17,37): warning C4244: 'return': conversion from 'GLint' to 'GLfloat', possible loss of data
C:\Users\TaoDaFen\Desktop\workspace\OpenGL\OpenGLCourse\Window.cpp(128,22): warning C4244: '=': conversion from 'double' to 'GLfloat', possible loss of data
C:\Users\TaoDaFen\Desktop\workspace\OpenGL\OpenGLCourse\Window.cpp(129,22): warning C4244: '=': conversion from 'double' to 'GLfloat', possible loss of data
C:\Users\TaoDaFen\Desktop\workspace\OpenGL\OpenGLCourse\Window.cpp(133,28): warning C4244: '=': conversion from 'double' to 'GLfloat', possible loss of data
C:\Users\TaoDaFen\Desktop\workspace\OpenGL\OpenGLCourse\Window.cpp(134,40): warning C4244: '=': conversion from 'double' to 'GLfloat', possible loss of data
C:\Users\TaoDaFen\Desktop\workspace\OpenGL\OpenGLCourse\Window.cpp(136,21): warning C4244: '=': conversion from 'double' to 'GLfloat', possible loss of data
C:\Users\TaoDaFen\Desktop\workspace\OpenGL\OpenGLCourse\Window.cpp(137,21): warning C4244: '=': conversion from 'double' to 'GLfloat', possible loss of data
  Generating Code...
C:\Users\TaoDaFen\Desktop\workspace\OpenGL\OpenGLCourse\Window.cpp(79): warning C4715: 'Window::Initialize': not all control paths return a value
  OpenGLCourse.vcxproj -> C:\Users\TaoDaFen\Desktop\workspace\OpenGL\Debug\OpenGLCourse.exe
